Build started 3/11/2015 1:58:54 PM.
     1>Project "C:\Users\Random\Desktop\SDL\MyProjects\Lefties\330Lefties\330Lefties\330Lefties\330Lefties.vcxproj" on node 2 (Build target(s)).
     1>ClCompile:
         C:\Program Files (x86)\Microsoft Visual Studio 12.0\VC\bin\CL.exe /c /I"C:\SDL\SDL2-2.0.3\include" /I"\\psf\Home\Desktop\SDL\SDL2-2.0.3\include" /I"\\psf\Home\Desktop\SDL\SDL2-2.0.3\VisualC\SDL\Win32\Debug" /I"\\psf\Home\Desktop\SDL\SDL2-2.0.3\VisualC\SDLmain\Win32\Debug" /I"C:\Users\Random\Desktop\SDL\SDL2-2.0.3\include" /I"C:\Users\Random\Desktop\SDL\SDL2-2.0.3\VisualC\SDL\Win32\Debug" /I"C:\Users\Random\Desktop\SDL\SDL2-2.0.3\VisualC\SDLmain\Win32\Debug" /ZI /nologo /W3 /WX- /sdl /Od /Oy- /D _MBCS /Gm /EHsc /RTC1 /MDd /GS /fp:precise /Zc:wchar_t /Zc:forScope /Fo"Debug\\" /Fd"Debug\vc120.pdb" /Gd /TP /analyze- /errorReport:prompt BasicNPC.cpp Button.cpp Camera.cpp Character.cpp Environment.cpp EventManager.cpp Game.cpp Mobile_Platform.cpp Sprite.cpp Subscriber.cpp TechDemo.cpp UI.cpp
         UI.cpp
     1>c:\users\random\desktop\sdl\myprojects\lefties\330lefties\330lefties\330lefties\ui.cpp(38): warning C4018: '<' : signed/unsigned mismatch
     1>c:\users\random\desktop\sdl\myprojects\lefties\330lefties\330lefties\330lefties\ui.cpp(45): warning C4018: '<' : signed/unsigned mismatch
         TechDemo.cpp
     1>c:\users\random\desktop\sdl\myprojects\lefties\330lefties\330lefties\330lefties\subscriber.h(18): warning C4521: 'Subscriber' : multiple copy constructors specified
     1>c:\users\random\desktop\sdl\myprojects\lefties\330lefties\330lefties\330lefties\physics.h(78): warning C4244: '+=' : conversion from 'double' to 'int', possible loss of data
         Subscriber.cpp
     1>c:\users\random\desktop\sdl\myprojects\lefties\330lefties\330lefties\330lefties\subscriber.h(18): warning C4521: 'Subscriber' : multiple copy constructors specified
         Sprite.cpp
     1>c:\users\random\desktop\sdl\myprojects\lefties\330lefties\330lefties\330lefties\sprite.cpp(169): warning C4018: '>=' : signed/unsigned mismatch
         Mobile_Platform.cpp
         Game.cpp
     1>c:\users\random\desktop\sdl\myprojects\lefties\330lefties\330lefties\330lefties\subscriber.h(18): warning C4521: 'Subscriber' : multiple copy constructors specified
     1>c:\users\random\desktop\sdl\myprojects\lefties\330lefties\330lefties\330lefties\physics.h(78): warning C4244: '+=' : conversion from 'double' to 'int', possible loss of data
         EventManager.cpp
     1>c:\users\random\desktop\sdl\myprojects\lefties\330lefties\330lefties\330lefties\subscriber.h(18): warning C4521: 'Subscriber' : multiple copy constructors specified
         Environment.cpp
     1>c:\users\random\desktop\sdl\myprojects\lefties\330lefties\330lefties\330lefties\environment.cpp(23): warning C4018: '<' : signed/unsigned mismatch
         Character.cpp
     1>c:\users\random\desktop\sdl\myprojects\lefties\330lefties\330lefties\330lefties\subscriber.h(18): warning C4521: 'Subscriber' : multiple copy constructors specified
         Camera.cpp
     1>c:\users\random\desktop\sdl\myprojects\lefties\330lefties\330lefties\330lefties\subscriber.h(18): warning C4521: 'Subscriber' : multiple copy constructors specified
     1>c:\users\random\desktop\sdl\myprojects\lefties\330lefties\330lefties\330lefties\camera.cpp(190): warning C4018: '<' : signed/unsigned mismatch
         Button.cpp
         BasicNPC.cpp
     1>c:\users\random\desktop\sdl\myprojects\lefties\330lefties\330lefties\330lefties\basicnpc.cpp(11): warning C4244: 'argument' : conversion from 'time_t' to 'unsigned int', possible loss of data
         Generating Code...
       Link:
         C:\Program Files (x86)\Microsoft Visual Studio 12.0\VC\bin\link.exe /ERRORREPORT:PROMPT /OUT:"C:\Users\Random\Desktop\SDL\MyProjects\Lefties\330Lefties\330Lefties\Debug\330Lefties.exe" /INCREMENTAL /NOLOGO /LIBPATH:"C:\SDL\SDL2-2.0.3\VisualC\SDL\Win32\Debug" /LIBPATH:"C:\SDL\SDL2-2.0.3\VisualC\SDLmain\Win32\Debug" /LIBPATH:"\\psf\Home\Desktop\SDL\SDL2-2.0.3\VisualC\SDLmain\Win32\Debug" /LIBPATH:"\\psf\Home\Desktop\SDL\SDL2-2.0.3\VisualC\SDL\Win32\Debug" /LIBPATH:"\\psf\Home\Desktop\SDL\SDL2-2.0.3\include" /LIBPATH:"C:\Users\Random\Desktop\SDL\SDL2-2.0.3\VisualC\SDLmain\Win32\Debug" /LIBPATH:"C:\Users\Random\Desktop\SDL\SDL2-2.0.3\VisualC\SDL\Win32\Debug" SDL2.lib SDL2main.lib SDL2_image.lib SDL2_ttf.lib SDL2_mixer.lib kernel32.lib user32.lib gdi32.lib winspool.lib comdlg32.lib advapi32.lib shell32.lib ole32.lib oleaut32.lib uuid.lib odbc32.lib odbccp32.lib /MANIFEST /MANIFESTUAC:"level='asInvoker' uiAccess='false'" /manifest:embed /DEBUG /PDB:"C:\Users\Random\Desktop\SDL\MyProjects\Lefties\330Lefties\330Lefties\Debug\330Lefties.pdb" /SUBSYSTEM:WINDOWS /TLBID:1 /DYNAMICBASE /NXCOMPAT /IMPLIB:"C:\Users\Random\Desktop\SDL\MyProjects\Lefties\330Lefties\330Lefties\Debug\330Lefties.lib" /MACHINE:X86 Debug\AI.obj
         Debug\BasicNPC.obj
         Debug\Button.obj
         Debug\Camera.obj
         Debug\Character.obj
         Debug\Environment.obj
         Debug\EventManager.obj
         Debug\Game.obj
         Debug\main.obj
         Debug\Mobile_Platform.obj
         Debug\NameTextBox.obj
         Debug\oldMain.obj
         Debug\PortraitTextBox.obj
         Debug\Sound.obj
         Debug\SoundDemo.obj
         Debug\Source.obj
         Debug\Sprite.obj
         Debug\Subscriber.obj
         Debug\TechDemo.obj
         Debug\TextBox.obj
         Debug\TextyDemo.obj
         Debug\UI.obj
         330Lefties.vcxproj -> C:\Users\Random\Desktop\SDL\MyProjects\Lefties\330Lefties\330Lefties\Debug\330Lefties.exe
     1>Done Building Project "C:\Users\Random\Desktop\SDL\MyProjects\Lefties\330Lefties\330Lefties\330Lefties\330Lefties.vcxproj" (Build target(s)).

Build succeeded.

Time Elapsed 00:00:24.07
